<?xml version="1.0" encoding="UTF-8"?>
<!-- Generated by org.testng.reporters.JUnitXMLReporter -->
<testsuite hostname="DESKTOP-RNIIRNI" name="Default test" tests="3" failures="0" timestamp="18 Jul 2021 18:52:32 GMT" time="15.394" errors="0">
  <testcase name="UserOnHomePage" time="7.141" classname="TestOrangeHRM.FunctionalTesting"/>
  <testcase name="LogIn" time="4.188" classname="TestOrangeHRM.FunctionalTesting"/>
  <testcase name="LogOut" time="1.326" classname="TestOrangeHRM.FunctionalTesting"/>
</testsuite> <!-- Default test -->
